ARM GAS  C:\Users\GKQ\AppData\Local\Temp\ccGfjRKx.s 			page 1


   1              		.cpu cortex-m3
   2              		.eabi_attribute 20, 1
   3              		.eabi_attribute 21, 1
   4              		.eabi_attribute 23, 3
   5              		.eabi_attribute 24, 1
   6              		.eabi_attribute 25, 1
   7              		.eabi_attribute 26, 1
   8              		.eabi_attribute 30, 1
   9              		.eabi_attribute 34, 1
  10              		.eabi_attribute 18, 4
  11              		.file	"main.c"
  12              		.text
  13              	.Ltext0:
  14              		.cfi_sections	.debug_frame
  15              		.section	.text.led_thread_entry,"ax",%progbits
  16              		.align	1
  17              		.arch armv7-m
  18              		.syntax unified
  19              		.thumb
  20              		.thumb_func
  21              		.fpu softvfp
  23              	led_thread_entry:
  24              	.LFB80:
  25              		.file 1 "Core/Src/main.c"
   1:Core/Src/main.c **** /* USER CODE BEGIN Header */
   2:Core/Src/main.c **** /**
   3:Core/Src/main.c ****   ******************************************************************************
   4:Core/Src/main.c ****   * @file           : main.c
   5:Core/Src/main.c ****   * @brief          : Main program body
   6:Core/Src/main.c ****   ******************************************************************************
   7:Core/Src/main.c ****   * @attention
   8:Core/Src/main.c ****   *
   9:Core/Src/main.c ****   * <h2><center>&copy; Copyright (c) 2020 STMicroelectronics.
  10:Core/Src/main.c ****   * All rights reserved.</center></h2>
  11:Core/Src/main.c ****   *
  12:Core/Src/main.c ****   * This software component is licensed by ST under Ultimate Liberty license
  13:Core/Src/main.c ****   * SLA0044, the "License"; You may not use this file except in compliance with
  14:Core/Src/main.c ****   * the License. You may obtain a copy of the License at:
  15:Core/Src/main.c ****   *                             www.st.com/SLA0044
  16:Core/Src/main.c ****   *
  17:Core/Src/main.c ****   ******************************************************************************
  18:Core/Src/main.c ****   */
  19:Core/Src/main.c **** /* USER CODE END Header */
  20:Core/Src/main.c **** /* Includes ------------------------------------------------------------------*/
  21:Core/Src/main.c **** #include "main.h"
  22:Core/Src/main.c **** #include "usart.h"
  23:Core/Src/main.c **** #include "gpio.h"
  24:Core/Src/main.c **** 
  25:Core/Src/main.c **** /* Private includes ----------------------------------------------------------*/
  26:Core/Src/main.c **** /* USER CODE BEGIN Includes */
  27:Core/Src/main.c **** #include "rtthread.h"
  28:Core/Src/main.c **** /* USER CODE END Includes */
  29:Core/Src/main.c **** 
  30:Core/Src/main.c **** /* Private typedef -----------------------------------------------------------*/
  31:Core/Src/main.c **** /* USER CODE BEGIN PTD */
  32:Core/Src/main.c **** static struct rt_thread led_thread;
  33:Core/Src/main.c **** static char led_thread_stack[168];
ARM GAS  C:\Users\GKQ\AppData\Local\Temp\ccGfjRKx.s 			page 2


  34:Core/Src/main.c **** /* USER CODE END PTD */
  35:Core/Src/main.c **** 
  36:Core/Src/main.c **** /* Private define ------------------------------------------------------------*/
  37:Core/Src/main.c **** /* USER CODE BEGIN PD */
  38:Core/Src/main.c **** /* USER CODE END PD */
  39:Core/Src/main.c **** 
  40:Core/Src/main.c **** /* Private macro -------------------------------------------------------------*/
  41:Core/Src/main.c **** /* USER CODE BEGIN PM */
  42:Core/Src/main.c **** 
  43:Core/Src/main.c **** /* USER CODE END PM */
  44:Core/Src/main.c **** 
  45:Core/Src/main.c **** /* Private variables ---------------------------------------------------------*/
  46:Core/Src/main.c **** 
  47:Core/Src/main.c **** /* USER CODE BEGIN PV */
  48:Core/Src/main.c **** 
  49:Core/Src/main.c **** /* USER CODE END PV */
  50:Core/Src/main.c **** 
  51:Core/Src/main.c **** /* Private function prototypes -----------------------------------------------*/
  52:Core/Src/main.c **** void SystemClock_Config(void);
  53:Core/Src/main.c **** void MX_GPIO_Init(void);
  54:Core/Src/main.c **** /* USER CODE BEGIN PFP */
  55:Core/Src/main.c **** 
  56:Core/Src/main.c **** /* USER CODE END PFP */
  57:Core/Src/main.c **** 
  58:Core/Src/main.c **** /* Private user code ---------------------------------------------------------*/
  59:Core/Src/main.c **** /* USER CODE BEGIN 0 */
  60:Core/Src/main.c **** static void led_thread_entry(void *parameter)
  61:Core/Src/main.c **** {
  26              		.loc 1 61 1 view -0
  27              		.cfi_startproc
  28              		@ Volatile: function does not return.
  29              		@ args = 0, pretend = 0, frame = 0
  30              		@ frame_needed = 0, uses_anonymous_args = 0
  31              	.LVL0:
  32              		.loc 1 61 1 is_stmt 0 view .LVU1
  33 0000 08B5     		push	{r3, lr}
  34              	.LCFI0:
  35              		.cfi_def_cfa_offset 8
  36              		.cfi_offset 3, -8
  37              		.cfi_offset 14, -4
  38              	.LVL1:
  39              	.L2:
  62:Core/Src/main.c ****   while (1)
  40              		.loc 1 62 3 is_stmt 1 discriminator 1 view .LVU2
  63:Core/Src/main.c ****   {
  64:Core/Src/main.c ****     HAL_GPIO_WritePin(led_run_GPIO_Port, led_run_Pin, GPIO_PIN_RESET);
  41              		.loc 1 64 5 discriminator 1 view .LVU3
  42 0002 094C     		ldr	r4, .L4
  43 0004 0022     		movs	r2, #0
  44 0006 2021     		movs	r1, #32
  45 0008 2046     		mov	r0, r4
  46 000a FFF7FEFF 		bl	HAL_GPIO_WritePin
  47              	.LVL2:
  65:Core/Src/main.c ****     rt_thread_mdelay(500);
  48              		.loc 1 65 5 discriminator 1 view .LVU4
  49 000e 4FF4FA70 		mov	r0, #500
  50 0012 FFF7FEFF 		bl	rt_thread_mdelay
ARM GAS  C:\Users\GKQ\AppData\Local\Temp\ccGfjRKx.s 			page 3


  51              	.LVL3:
  66:Core/Src/main.c ****     HAL_GPIO_WritePin(led_run_GPIO_Port, led_run_Pin, GPIO_PIN_SET);
  52              		.loc 1 66 5 discriminator 1 view .LVU5
  53 0016 0122     		movs	r2, #1
  54 0018 2021     		movs	r1, #32
  55 001a 2046     		mov	r0, r4
  56 001c FFF7FEFF 		bl	HAL_GPIO_WritePin
  57              	.LVL4:
  67:Core/Src/main.c ****     rt_thread_mdelay(250);
  58              		.loc 1 67 5 discriminator 1 view .LVU6
  59 0020 FA20     		movs	r0, #250
  60 0022 FFF7FEFF 		bl	rt_thread_mdelay
  61              	.LVL5:
  62:Core/Src/main.c ****   {
  62              		.loc 1 62 9 discriminator 1 view .LVU7
  63 0026 ECE7     		b	.L2
  64              	.L5:
  65              		.align	2
  66              	.L4:
  67 0028 000C0140 		.word	1073810432
  68              		.cfi_endproc
  69              	.LFE80:
  71              		.section	.rodata.main.str1.4,"aMS",%progbits,1
  72              		.align	2
  73              	.LC0:
  74 0000 6C656473 		.ascii	"ledshine\000"
  74      68696E65 
  74      00
  75              		.section	.text.main,"ax",%progbits
  76              		.align	1
  77              		.global	main
  78              		.syntax unified
  79              		.thumb
  80              		.thumb_func
  81              		.fpu softvfp
  83              	main:
  84              	.LFB81:
  68:Core/Src/main.c ****   }
  69:Core/Src/main.c **** }
  70:Core/Src/main.c **** /* USER CODE END 0 */
  71:Core/Src/main.c **** 
  72:Core/Src/main.c **** /**
  73:Core/Src/main.c ****   * @brief  The application entry point.
  74:Core/Src/main.c ****   * @retval int
  75:Core/Src/main.c ****   */
  76:Core/Src/main.c **** int main(void)
  77:Core/Src/main.c **** {
  85              		.loc 1 77 1 view -0
  86              		.cfi_startproc
  87              		@ args = 0, pretend = 0, frame = 0
  88              		@ frame_needed = 0, uses_anonymous_args = 0
  89 0000 00B5     		push	{lr}
  90              	.LCFI1:
  91              		.cfi_def_cfa_offset 4
  92              		.cfi_offset 14, -4
  93 0002 85B0     		sub	sp, sp, #20
  94              	.LCFI2:
ARM GAS  C:\Users\GKQ\AppData\Local\Temp\ccGfjRKx.s 			page 4


  95              		.cfi_def_cfa_offset 24
  78:Core/Src/main.c ****   /* USER CODE BEGIN 1 */
  79:Core/Src/main.c **** 
  80:Core/Src/main.c ****   /* USER CODE END 1 */
  81:Core/Src/main.c **** 
  82:Core/Src/main.c ****   /* MCU Configuration--------------------------------------------------------*/
  83:Core/Src/main.c **** 
  84:Core/Src/main.c ****   /* Reset of all peripherals, Initializes the Flash interface and the Systick. */
  85:Core/Src/main.c ****   HAL_Init();
  96              		.loc 1 85 3 view .LVU9
  97 0004 FFF7FEFF 		bl	HAL_Init
  98              	.LVL6:
  86:Core/Src/main.c **** 
  87:Core/Src/main.c ****   /* USER CODE BEGIN Init */
  88:Core/Src/main.c **** 
  89:Core/Src/main.c ****   /* USER CODE END Init */
  90:Core/Src/main.c **** 
  91:Core/Src/main.c ****   /* Configure the system clock */
  92:Core/Src/main.c ****   //SystemClock_Config();
  93:Core/Src/main.c **** 
  94:Core/Src/main.c ****   /* USER CODE BEGIN SysInit */
  95:Core/Src/main.c **** 
  96:Core/Src/main.c ****   /* USER CODE END SysInit */
  97:Core/Src/main.c **** 
  98:Core/Src/main.c ****   /* Initialize all configured peripherals */
  99:Core/Src/main.c ****   MX_GPIO_Init();
  99              		.loc 1 99 3 view .LVU10
 100 0008 FFF7FEFF 		bl	MX_GPIO_Init
 101              	.LVL7:
 100:Core/Src/main.c ****   //MX_USART1_UART_Init();
 101:Core/Src/main.c ****   /* USER CODE BEGIN 2 */
 102:Core/Src/main.c ****   rt_err_t rst;
 102              		.loc 1 102 3 view .LVU11
 103:Core/Src/main.c ****   rst = rt_thread_init(&led_thread, //句柄
 103              		.loc 1 103 3 view .LVU12
 104              		.loc 1 103 9 is_stmt 0 view .LVU13
 105 000c 1423     		movs	r3, #20
 106 000e 0393     		str	r3, [sp, #12]
 107 0010 1E23     		movs	r3, #30
 108 0012 0293     		str	r3, [sp, #8]
 109 0014 A823     		movs	r3, #168
 110 0016 0193     		str	r3, [sp, #4]
 111 0018 084B     		ldr	r3, .L11
 112 001a 0093     		str	r3, [sp]
 113 001c 0023     		movs	r3, #0
 114 001e 084A     		ldr	r2, .L11+4
 115 0020 0849     		ldr	r1, .L11+8
 116 0022 0948     		ldr	r0, .L11+12
 117 0024 FFF7FEFF 		bl	rt_thread_init
 118              	.LVL8:
 104:Core/Src/main.c ****                        "ledshine",
 105:Core/Src/main.c ****                        led_thread_entry,
 106:Core/Src/main.c ****                        RT_NULL,
 107:Core/Src/main.c ****                        &led_thread_stack[0],
 108:Core/Src/main.c ****                        sizeof(led_thread_stack),
 109:Core/Src/main.c ****                        RT_THREAD_PRIORITY_MAX - 2,
 110:Core/Src/main.c ****                        20);
ARM GAS  C:\Users\GKQ\AppData\Local\Temp\ccGfjRKx.s 			page 5


 111:Core/Src/main.c **** 
 112:Core/Src/main.c ****   if (rst == RT_EOK)
 119              		.loc 1 112 3 is_stmt 1 view .LVU14
 120              		.loc 1 112 6 is_stmt 0 view .LVU15
 121 0028 20B1     		cbz	r0, .L10
 122              	.LVL9:
 123              	.L8:
 113:Core/Src/main.c ****   {
 114:Core/Src/main.c ****     rt_thread_startup(&led_thread);
 115:Core/Src/main.c ****   }
 116:Core/Src/main.c ****   /* USER CODE END 2 */
 117:Core/Src/main.c **** 
 118:Core/Src/main.c ****   /* Infinite loop */
 119:Core/Src/main.c ****   /* USER CODE BEGIN WHILE */
 120:Core/Src/main.c ****   while (1)
 124              		.loc 1 120 3 is_stmt 1 discriminator 1 view .LVU16
 121:Core/Src/main.c ****   {
 122:Core/Src/main.c ****     /* USER CODE END WHILE */
 123:Core/Src/main.c **** 
 124:Core/Src/main.c ****     /* USER CODE BEGIN 3 */
 125:Core/Src/main.c ****     //rt_kprintf("main_thread \r\n");
 126:Core/Src/main.c ****     rt_thread_mdelay(1000);
 125              		.loc 1 126 5 discriminator 1 view .LVU17
 126 002a 4FF47A70 		mov	r0, #1000
 127 002e FFF7FEFF 		bl	rt_thread_mdelay
 128              	.LVL10:
 120:Core/Src/main.c ****   {
 129              		.loc 1 120 9 discriminator 1 view .LVU18
 130 0032 FAE7     		b	.L8
 131              	.LVL11:
 132              	.L10:
 114:Core/Src/main.c ****   }
 133              		.loc 1 114 5 view .LVU19
 134 0034 0448     		ldr	r0, .L11+12
 135              	.LVL12:
 114:Core/Src/main.c ****   }
 136              		.loc 1 114 5 is_stmt 0 view .LVU20
 137 0036 FFF7FEFF 		bl	rt_thread_startup
 138              	.LVL13:
 139 003a F6E7     		b	.L8
 140              	.L12:
 141              		.align	2
 142              	.L11:
 143 003c 00000000 		.word	.LANCHOR1
 144 0040 00000000 		.word	led_thread_entry
 145 0044 00000000 		.word	.LC0
 146 0048 00000000 		.word	.LANCHOR0
 147              		.cfi_endproc
 148              	.LFE81:
 150              		.section	.text.SystemClock_Config,"ax",%progbits
 151              		.align	1
 152              		.global	SystemClock_Config
 153              		.syntax unified
 154              		.thumb
 155              		.thumb_func
 156              		.fpu softvfp
 158              	SystemClock_Config:
ARM GAS  C:\Users\GKQ\AppData\Local\Temp\ccGfjRKx.s 			page 6


 159              	.LFB82:
 127:Core/Src/main.c ****   }
 128:Core/Src/main.c ****   /* USER CODE END 3 */
 129:Core/Src/main.c **** }
 130:Core/Src/main.c **** 
 131:Core/Src/main.c **** /**
 132:Core/Src/main.c ****   * @brief System Clock Configuration
 133:Core/Src/main.c ****   * @retval None
 134:Core/Src/main.c ****   */
 135:Core/Src/main.c **** void SystemClock_Config(void)
 136:Core/Src/main.c **** {
 160              		.loc 1 136 1 is_stmt 1 view -0
 161              		.cfi_startproc
 162              		@ args = 0, pretend = 0, frame = 64
 163              		@ frame_needed = 0, uses_anonymous_args = 0
 164 0000 30B5     		push	{r4, r5, lr}
 165              	.LCFI3:
 166              		.cfi_def_cfa_offset 12
 167              		.cfi_offset 4, -12
 168              		.cfi_offset 5, -8
 169              		.cfi_offset 14, -4
 170 0002 91B0     		sub	sp, sp, #68
 171              	.LCFI4:
 172              		.cfi_def_cfa_offset 80
 137:Core/Src/main.c ****   RCC_OscInitTypeDef RCC_OscInitStruct = {0};
 173              		.loc 1 137 3 view .LVU22
 174              		.loc 1 137 22 is_stmt 0 view .LVU23
 175 0004 0024     		movs	r4, #0
 176 0006 0994     		str	r4, [sp, #36]
 177 0008 0B94     		str	r4, [sp, #44]
 178 000a 0C94     		str	r4, [sp, #48]
 138:Core/Src/main.c ****   RCC_ClkInitTypeDef RCC_ClkInitStruct = {0};
 179              		.loc 1 138 3 is_stmt 1 view .LVU24
 180              		.loc 1 138 22 is_stmt 0 view .LVU25
 181 000c 0194     		str	r4, [sp, #4]
 182 000e 0294     		str	r4, [sp, #8]
 183 0010 0394     		str	r4, [sp, #12]
 184 0012 0494     		str	r4, [sp, #16]
 185 0014 0594     		str	r4, [sp, #20]
 139:Core/Src/main.c **** 
 140:Core/Src/main.c ****   /** Initializes the RCC Oscillators according to the specified parameters
 141:Core/Src/main.c ****   * in the RCC_OscInitTypeDef structure.
 142:Core/Src/main.c ****   */
 143:Core/Src/main.c ****   RCC_OscInitStruct.OscillatorType = RCC_OSCILLATORTYPE_HSE;
 186              		.loc 1 143 3 is_stmt 1 view .LVU26
 187              		.loc 1 143 36 is_stmt 0 view .LVU27
 188 0016 0122     		movs	r2, #1
 189 0018 0692     		str	r2, [sp, #24]
 144:Core/Src/main.c ****   RCC_OscInitStruct.HSEState = RCC_HSE_ON;
 190              		.loc 1 144 3 is_stmt 1 view .LVU28
 191              		.loc 1 144 30 is_stmt 0 view .LVU29
 192 001a 4FF48033 		mov	r3, #65536
 193 001e 0793     		str	r3, [sp, #28]
 145:Core/Src/main.c ****   RCC_OscInitStruct.HSEPredivValue = RCC_HSE_PREDIV_DIV1;
 194              		.loc 1 145 3 is_stmt 1 view .LVU30
 195              		.loc 1 145 36 is_stmt 0 view .LVU31
 196 0020 0894     		str	r4, [sp, #32]
ARM GAS  C:\Users\GKQ\AppData\Local\Temp\ccGfjRKx.s 			page 7


 146:Core/Src/main.c ****   RCC_OscInitStruct.HSIState = RCC_HSI_ON;
 197              		.loc 1 146 3 is_stmt 1 view .LVU32
 198              		.loc 1 146 30 is_stmt 0 view .LVU33
 199 0022 0A92     		str	r2, [sp, #40]
 147:Core/Src/main.c ****   RCC_OscInitStruct.PLL.PLLState = RCC_PLL_ON;
 200              		.loc 1 147 3 is_stmt 1 view .LVU34
 201              		.loc 1 147 34 is_stmt 0 view .LVU35
 202 0024 0225     		movs	r5, #2
 203 0026 0D95     		str	r5, [sp, #52]
 148:Core/Src/main.c ****   RCC_OscInitStruct.PLL.PLLSource = RCC_PLLSOURCE_HSE;
 204              		.loc 1 148 3 is_stmt 1 view .LVU36
 205              		.loc 1 148 35 is_stmt 0 view .LVU37
 206 0028 0E93     		str	r3, [sp, #56]
 149:Core/Src/main.c ****   RCC_OscInitStruct.PLL.PLLMUL = RCC_PLL_MUL9;
 207              		.loc 1 149 3 is_stmt 1 view .LVU38
 208              		.loc 1 149 32 is_stmt 0 view .LVU39
 209 002a 4FF4E013 		mov	r3, #1835008
 210 002e 0F93     		str	r3, [sp, #60]
 150:Core/Src/main.c ****   if (HAL_RCC_OscConfig(&RCC_OscInitStruct) != HAL_OK)
 211              		.loc 1 150 3 is_stmt 1 view .LVU40
 212              		.loc 1 150 7 is_stmt 0 view .LVU41
 213 0030 06A8     		add	r0, sp, #24
 214 0032 FFF7FEFF 		bl	HAL_RCC_OscConfig
 215              	.LVL14:
 151:Core/Src/main.c ****   {
 152:Core/Src/main.c ****     Error_Handler();
 153:Core/Src/main.c ****   }
 154:Core/Src/main.c ****   /** Initializes the CPU, AHB and APB buses clocks
 155:Core/Src/main.c ****   */
 156:Core/Src/main.c ****   RCC_ClkInitStruct.ClockType = RCC_CLOCKTYPE_HCLK|RCC_CLOCKTYPE_SYSCLK
 216              		.loc 1 156 3 is_stmt 1 view .LVU42
 217              		.loc 1 156 31 is_stmt 0 view .LVU43
 218 0036 0F23     		movs	r3, #15
 219 0038 0193     		str	r3, [sp, #4]
 157:Core/Src/main.c ****                               |RCC_CLOCKTYPE_PCLK1|RCC_CLOCKTYPE_PCLK2;
 158:Core/Src/main.c ****   RCC_ClkInitStruct.SYSCLKSource = RCC_SYSCLKSOURCE_PLLCLK;
 220              		.loc 1 158 3 is_stmt 1 view .LVU44
 221              		.loc 1 158 34 is_stmt 0 view .LVU45
 222 003a 0295     		str	r5, [sp, #8]
 159:Core/Src/main.c ****   RCC_ClkInitStruct.AHBCLKDivider = RCC_SYSCLK_DIV1;
 223              		.loc 1 159 3 is_stmt 1 view .LVU46
 224              		.loc 1 159 35 is_stmt 0 view .LVU47
 225 003c 0394     		str	r4, [sp, #12]
 160:Core/Src/main.c ****   RCC_ClkInitStruct.APB1CLKDivider = RCC_HCLK_DIV2;
 226              		.loc 1 160 3 is_stmt 1 view .LVU48
 227              		.loc 1 160 36 is_stmt 0 view .LVU49
 228 003e 4FF48063 		mov	r3, #1024
 229 0042 0493     		str	r3, [sp, #16]
 161:Core/Src/main.c ****   RCC_ClkInitStruct.APB2CLKDivider = RCC_HCLK_DIV1;
 230              		.loc 1 161 3 is_stmt 1 view .LVU50
 231              		.loc 1 161 36 is_stmt 0 view .LVU51
 232 0044 0594     		str	r4, [sp, #20]
 162:Core/Src/main.c **** 
 163:Core/Src/main.c ****   if (HAL_RCC_ClockConfig(&RCC_ClkInitStruct, FLASH_LATENCY_2) != HAL_OK)
 233              		.loc 1 163 3 is_stmt 1 view .LVU52
 234              		.loc 1 163 7 is_stmt 0 view .LVU53
 235 0046 2946     		mov	r1, r5
ARM GAS  C:\Users\GKQ\AppData\Local\Temp\ccGfjRKx.s 			page 8


 236 0048 01A8     		add	r0, sp, #4
 237 004a FFF7FEFF 		bl	HAL_RCC_ClockConfig
 238              	.LVL15:
 164:Core/Src/main.c ****   {
 165:Core/Src/main.c ****     Error_Handler();
 166:Core/Src/main.c ****   }
 167:Core/Src/main.c **** }
 239              		.loc 1 167 1 view .LVU54
 240 004e 11B0     		add	sp, sp, #68
 241              	.LCFI5:
 242              		.cfi_def_cfa_offset 12
 243              		@ sp needed
 244 0050 30BD     		pop	{r4, r5, pc}
 245              		.cfi_endproc
 246              	.LFE82:
 248              		.section	.text.Error_Handler,"ax",%progbits
 249              		.align	1
 250              		.global	Error_Handler
 251              		.syntax unified
 252              		.thumb
 253              		.thumb_func
 254              		.fpu softvfp
 256              	Error_Handler:
 257              	.LFB83:
 168:Core/Src/main.c **** 
 169:Core/Src/main.c **** /* USER CODE BEGIN 4 */
 170:Core/Src/main.c **** 
 171:Core/Src/main.c **** /* USER CODE END 4 */
 172:Core/Src/main.c **** 
 173:Core/Src/main.c **** /**
 174:Core/Src/main.c ****   * @brief  This function is executed in case of error occurrence.
 175:Core/Src/main.c ****   * @retval None
 176:Core/Src/main.c ****   */
 177:Core/Src/main.c **** void Error_Handler(void)
 178:Core/Src/main.c **** {
 258              		.loc 1 178 1 is_stmt 1 view -0
 259              		.cfi_startproc
 260              		@ args = 0, pretend = 0, frame = 0
 261              		@ frame_needed = 0, uses_anonymous_args = 0
 262              		@ link register save eliminated.
 179:Core/Src/main.c ****   /* USER CODE BEGIN Error_Handler_Debug */
 180:Core/Src/main.c ****   /* User can add his own implementation to report the HAL error return state */
 181:Core/Src/main.c **** 
 182:Core/Src/main.c ****   /* USER CODE END Error_Handler_Debug */
 183:Core/Src/main.c **** }
 263              		.loc 1 183 1 view .LVU56
 264 0000 7047     		bx	lr
 265              		.cfi_endproc
 266              	.LFE83:
 268              		.section	.bss.led_thread,"aw",%nobits
 269              		.align	2
 270              		.set	.LANCHOR0,. + 0
 273              	led_thread:
 274 0000 00000000 		.space	120
 274      00000000 
 274      00000000 
 274      00000000 
ARM GAS  C:\Users\GKQ\AppData\Local\Temp\ccGfjRKx.s 			page 9


 274      00000000 
 275              		.section	.bss.led_thread_stack,"aw",%nobits
 276              		.align	2
 277              		.set	.LANCHOR1,. + 0
 280              	led_thread_stack:
 281 0000 00000000 		.space	168
 281      00000000 
 281      00000000 
 281      00000000 
 281      00000000 
 282              		.text
 283              	.Letext0:
 284              		.file 2 "d:\\work_project\\9 2019-q4-major\\arm-none-eabi\\include\\machine\\_default_types.h"
 285              		.file 3 "d:\\work_project\\9 2019-q4-major\\arm-none-eabi\\include\\sys\\_stdint.h"
 286              		.file 4 "Drivers/CMSIS/Include/core_cm3.h"
 287              		.file 5 "Drivers/CMSIS/Device/ST/STM32F1xx/Include/system_stm32f1xx.h"
 288              		.file 6 "Drivers/CMSIS/Device/ST/STM32F1xx/Include/stm32f103xe.h"
 289              		.file 7 "Drivers/STM32F1xx_HAL_Driver/Inc/stm32f1xx_hal_def.h"
 290              		.file 8 "Drivers/STM32F1xx_HAL_Driver/Inc/stm32f1xx_hal_rcc.h"
 291              		.file 9 "Drivers/STM32F1xx_HAL_Driver/Inc/stm32f1xx_hal_rcc_ex.h"
 292              		.file 10 "Drivers/STM32F1xx_HAL_Driver/Inc/stm32f1xx_hal_gpio.h"
 293              		.file 11 "Drivers/STM32F1xx_HAL_Driver/Inc/stm32f1xx_hal_dma.h"
 294              		.file 12 "Drivers/STM32F1xx_HAL_Driver/Inc/stm32f1xx_hal_uart.h"
 295              		.file 13 "Drivers/STM32F1xx_HAL_Driver/Inc/stm32f1xx_hal.h"
 296              		.file 14 "Core/Inc/usart.h"
 297              		.file 15 "Middlewares/Third_Party/RealThread_RTOS_RT-Thread/include/rtdef.h"
 298              		.file 16 "Middlewares/Third_Party/RealThread_RTOS_RT-Thread/components/finsh/finsh_api.h"
 299              		.file 17 "Middlewares/Third_Party/RealThread_RTOS_RT-Thread/include/rtthread.h"
ARM GAS  C:\Users\GKQ\AppData\Local\Temp\ccGfjRKx.s 			page 10


DEFINED SYMBOLS
                            *ABS*:00000000 main.c
C:\Users\GKQ\AppData\Local\Temp\ccGfjRKx.s:16     .text.led_thread_entry:00000000 $t
C:\Users\GKQ\AppData\Local\Temp\ccGfjRKx.s:23     .text.led_thread_entry:00000000 led_thread_entry
C:\Users\GKQ\AppData\Local\Temp\ccGfjRKx.s:67     .text.led_thread_entry:00000028 $d
C:\Users\GKQ\AppData\Local\Temp\ccGfjRKx.s:72     .rodata.main.str1.4:00000000 $d
C:\Users\GKQ\AppData\Local\Temp\ccGfjRKx.s:76     .text.main:00000000 $t
C:\Users\GKQ\AppData\Local\Temp\ccGfjRKx.s:83     .text.main:00000000 main
C:\Users\GKQ\AppData\Local\Temp\ccGfjRKx.s:143    .text.main:0000003c $d
C:\Users\GKQ\AppData\Local\Temp\ccGfjRKx.s:151    .text.SystemClock_Config:00000000 $t
C:\Users\GKQ\AppData\Local\Temp\ccGfjRKx.s:158    .text.SystemClock_Config:00000000 SystemClock_Config
C:\Users\GKQ\AppData\Local\Temp\ccGfjRKx.s:249    .text.Error_Handler:00000000 $t
C:\Users\GKQ\AppData\Local\Temp\ccGfjRKx.s:256    .text.Error_Handler:00000000 Error_Handler
C:\Users\GKQ\AppData\Local\Temp\ccGfjRKx.s:269    .bss.led_thread:00000000 $d
C:\Users\GKQ\AppData\Local\Temp\ccGfjRKx.s:273    .bss.led_thread:00000000 led_thread
C:\Users\GKQ\AppData\Local\Temp\ccGfjRKx.s:276    .bss.led_thread_stack:00000000 $d
C:\Users\GKQ\AppData\Local\Temp\ccGfjRKx.s:280    .bss.led_thread_stack:00000000 led_thread_stack

UNDEFINED SYMBOLS
HAL_GPIO_WritePin
rt_thread_mdelay
HAL_Init
MX_GPIO_Init
rt_thread_init
rt_thread_startup
HAL_RCC_OscConfig
HAL_RCC_ClockConfig
