ARM GAS  C:\Users\GKQ\AppData\Local\Temp\cc6UMCw1.s 			page 1


   1              		.cpu cortex-m3
   2              		.eabi_attribute 20, 1
   3              		.eabi_attribute 21, 1
   4              		.eabi_attribute 23, 3
   5              		.eabi_attribute 24, 1
   6              		.eabi_attribute 25, 1
   7              		.eabi_attribute 26, 1
   8              		.eabi_attribute 30, 1
   9              		.eabi_attribute 34, 1
  10              		.eabi_attribute 18, 4
  11              		.file	"threadslice_sample.c"
  12              		.text
  13              	.Ltext0:
  14              		.cfi_sections	.debug_frame
  15              		.section	.rodata.timeslice_sample.str1.4,"aMS",%progbits,1
  16              		.align	2
  17              	.LC0:
  18 0000 74687265 		.ascii	"thread1\000"
  18      61643100 
  19              		.align	2
  20              	.LC1:
  21 0008 74687265 		.ascii	"thread2\000"
  21      61643200 
  22              		.section	.text.timeslice_sample,"ax",%progbits
  23              		.align	1
  24              		.global	timeslice_sample
  25              		.arch armv7-m
  26              		.syntax unified
  27              		.thumb
  28              		.thumb_func
  29              		.fpu softvfp
  31              	timeslice_sample:
  32              	.LFB16:
  33              		.file 1 "Core/thread_sample/threadslice_sample.c"
   1:Core/thread_sample/threadslice_sample.c **** #include "rtthread.h"
   2:Core/thread_sample/threadslice_sample.c **** 
   3:Core/thread_sample/threadslice_sample.c **** #define THREAD_STACK_SIZE 512 //Ê†àÁ©∫Èó¥
   4:Core/thread_sample/threadslice_sample.c **** #define THREAD_PRIORITY 20     //‰ºòÂÖàÁ∫ß
   5:Core/thread_sample/threadslice_sample.c **** #define THREAD_TIMESLICE 10    //Êó∂Èó¥Áâá
   6:Core/thread_sample/threadslice_sample.c **** 
   7:Core/thread_sample/threadslice_sample.c **** /*‰∏§‰∏™Á∫øÁ®ãÂÖ¨ÂÖ±ÁöÑÂÖ•Âè£ÂáΩÊï∞ÔºåÁ∫øÁ®ã thread1 Âíå thread2 ÈááÁî®Âêå‰∏Ä‰∏™ÂÖ•Âè£ÂáΩÊï∞Ôºå‰ΩÜÊ
   8:Core/thread_sample/threadslice_sample.c **** static void thread_entry(void *parameter)
   9:Core/thread_sample/threadslice_sample.c **** {
  10:Core/thread_sample/threadslice_sample.c ****     rt_uint32_t value;
  11:Core/thread_sample/threadslice_sample.c ****     rt_uint32_t count = 0;
  12:Core/thread_sample/threadslice_sample.c ****     value = (rt_uint32_t)parameter;
  13:Core/thread_sample/threadslice_sample.c **** 
  14:Core/thread_sample/threadslice_sample.c ****     while (1)
  15:Core/thread_sample/threadslice_sample.c ****     {
  16:Core/thread_sample/threadslice_sample.c ****         if (0 == (count % 5))
  17:Core/thread_sample/threadslice_sample.c ****         {
  18:Core/thread_sample/threadslice_sample.c ****             rt_kprintf("thread:%d is runnning, thread %d count = %d\n", value, value, count);
  19:Core/thread_sample/threadslice_sample.c ****             if (count > 200)
  20:Core/thread_sample/threadslice_sample.c ****             {
  21:Core/thread_sample/threadslice_sample.c ****                 return;
  22:Core/thread_sample/threadslice_sample.c ****             }
  23:Core/thread_sample/threadslice_sample.c ****         }
ARM GAS  C:\Users\GKQ\AppData\Local\Temp\cc6UMCw1.s 			page 2


  24:Core/thread_sample/threadslice_sample.c ****         count++;
  25:Core/thread_sample/threadslice_sample.c ****     }
  26:Core/thread_sample/threadslice_sample.c **** }
  27:Core/thread_sample/threadslice_sample.c **** /*Á∫øÁ®ãÊó∂Èó¥ÁâáÁöÑÁ§∫‰æãÂáΩÊï∞ÔºåÁ§∫‰æãÂáΩÊï∞È¶ñÂÖàÂàõÂª∫Âπ∂ÂêØÂä®‰∫ÜÁ∫øÁ®ã thread1Ôºå
  28:Core/thread_sample/threadslice_sample.c **** ÁÑ∂ÂêéÂàõÂª∫Âπ∂ÂêØÂä®‰∫ÜÁ∫øÁ®ã thread2„ÄÇ
  29:Core/thread_sample/threadslice_sample.c **** Âπ∂Â∞ÜÂáΩÊï∞‰ΩøÁî® MSH_CMD_EXPORT ÂØºÂá∫ÂëΩ‰ª§„ÄÇ*/
  30:Core/thread_sample/threadslice_sample.c **** int timeslice_sample(void)
  31:Core/thread_sample/threadslice_sample.c **** {
  34              		.loc 1 31 1 view -0
  35              		.cfi_startproc
  36              		@ args = 0, pretend = 0, frame = 0
  37              		@ frame_needed = 0, uses_anonymous_args = 0
  38 0000 00B5     		push	{lr}
  39              	.LCFI0:
  40              		.cfi_def_cfa_offset 4
  41              		.cfi_offset 14, -4
  42 0002 83B0     		sub	sp, sp, #12
  43              	.LCFI1:
  44              		.cfi_def_cfa_offset 16
  32:Core/thread_sample/threadslice_sample.c ****     rt_thread_t tid = RT_NULL;
  45              		.loc 1 32 5 view .LVU1
  46              	.LVL0:
  33:Core/thread_sample/threadslice_sample.c ****     /*ÂàõÂª∫Á∫øÁ®ã1*/
  34:Core/thread_sample/threadslice_sample.c ****     tid = rt_thread_create("thread1",
  47              		.loc 1 34 5 view .LVU2
  48              		.loc 1 34 11 is_stmt 0 view .LVU3
  49 0004 0A23     		movs	r3, #10
  50 0006 0193     		str	r3, [sp, #4]
  51 0008 1423     		movs	r3, #20
  52 000a 0093     		str	r3, [sp]
  53 000c 4FF40073 		mov	r3, #512
  54 0010 0122     		movs	r2, #1
  55 0012 0C49     		ldr	r1, .L5
  56 0014 0C48     		ldr	r0, .L5+4
  57 0016 FFF7FEFF 		bl	rt_thread_create
  58              	.LVL1:
  35:Core/thread_sample/threadslice_sample.c ****                            thread_entry,
  36:Core/thread_sample/threadslice_sample.c ****                            (void *)1,
  37:Core/thread_sample/threadslice_sample.c ****                            THREAD_STACK_SIZE,
  38:Core/thread_sample/threadslice_sample.c ****                            THREAD_PRIORITY,
  39:Core/thread_sample/threadslice_sample.c ****                            THREAD_TIMESLICE);
  40:Core/thread_sample/threadslice_sample.c ****     if (tid != RT_NULL)
  59              		.loc 1 40 5 is_stmt 1 view .LVU4
  60              		.loc 1 40 8 is_stmt 0 view .LVU5
  61 001a 08B1     		cbz	r0, .L2
  41:Core/thread_sample/threadslice_sample.c ****     {
  42:Core/thread_sample/threadslice_sample.c ****         rt_thread_startup(tid);
  62              		.loc 1 42 9 is_stmt 1 view .LVU6
  63 001c FFF7FEFF 		bl	rt_thread_startup
  64              	.LVL2:
  65              	.L2:
  43:Core/thread_sample/threadslice_sample.c ****     }
  44:Core/thread_sample/threadslice_sample.c **** 
  45:Core/thread_sample/threadslice_sample.c ****     /*ÂàõÂª∫Á∫øÁ®ã2*/
  46:Core/thread_sample/threadslice_sample.c ****     tid = rt_thread_create("thread2",
  66              		.loc 1 46 5 view .LVU7
  67              		.loc 1 46 11 is_stmt 0 view .LVU8
ARM GAS  C:\Users\GKQ\AppData\Local\Temp\cc6UMCw1.s 			page 3


  68 0020 0523     		movs	r3, #5
  69 0022 0193     		str	r3, [sp, #4]
  70 0024 1423     		movs	r3, #20
  71 0026 0093     		str	r3, [sp]
  72 0028 4FF40073 		mov	r3, #512
  73 002c 0222     		movs	r2, #2
  74 002e 0549     		ldr	r1, .L5
  75 0030 0648     		ldr	r0, .L5+8
  76 0032 FFF7FEFF 		bl	rt_thread_create
  77              	.LVL3:
  47:Core/thread_sample/threadslice_sample.c ****                            thread_entry,
  48:Core/thread_sample/threadslice_sample.c ****                            (void *)2,
  49:Core/thread_sample/threadslice_sample.c ****                            THREAD_STACK_SIZE,
  50:Core/thread_sample/threadslice_sample.c ****                            THREAD_PRIORITY,
  51:Core/thread_sample/threadslice_sample.c ****                            THREAD_TIMESLICE - 5);
  52:Core/thread_sample/threadslice_sample.c ****     if (tid != RT_NULL)
  78              		.loc 1 52 5 is_stmt 1 view .LVU9
  79              		.loc 1 52 8 is_stmt 0 view .LVU10
  80 0036 08B1     		cbz	r0, .L3
  53:Core/thread_sample/threadslice_sample.c ****     {
  54:Core/thread_sample/threadslice_sample.c ****         rt_thread_startup(tid);
  81              		.loc 1 54 9 is_stmt 1 view .LVU11
  82 0038 FFF7FEFF 		bl	rt_thread_startup
  83              	.LVL4:
  84              	.L3:
  55:Core/thread_sample/threadslice_sample.c ****     }
  56:Core/thread_sample/threadslice_sample.c ****     return 0;
  85              		.loc 1 56 5 view .LVU12
  57:Core/thread_sample/threadslice_sample.c **** }
  86              		.loc 1 57 1 is_stmt 0 view .LVU13
  87 003c 0020     		movs	r0, #0
  88 003e 03B0     		add	sp, sp, #12
  89              	.LCFI2:
  90              		.cfi_def_cfa_offset 4
  91              		@ sp needed
  92 0040 5DF804FB 		ldr	pc, [sp], #4
  93              	.L6:
  94              		.align	2
  95              	.L5:
  96 0044 00000000 		.word	thread_entry
  97 0048 00000000 		.word	.LC0
  98 004c 08000000 		.word	.LC1
  99              		.cfi_endproc
 100              	.LFE16:
 102              		.section	.rodata.thread_entry.str1.4,"aMS",%progbits,1
 103              		.align	2
 104              	.LC2:
 105 0000 74687265 		.ascii	"thread:%d is runnning, thread %d count = %d\012\000"
 105      61643A25 
 105      64206973 
 105      2072756E 
 105      6E6E696E 
 106              		.section	.text.thread_entry,"ax",%progbits
 107              		.align	1
 108              		.syntax unified
 109              		.thumb
 110              		.thumb_func
ARM GAS  C:\Users\GKQ\AppData\Local\Temp\cc6UMCw1.s 			page 4


 111              		.fpu softvfp
 113              	thread_entry:
 114              	.LVL5:
 115              	.LFB15:
   9:Core/thread_sample/threadslice_sample.c ****     rt_uint32_t value;
 116              		.loc 1 9 1 is_stmt 1 view -0
 117              		.cfi_startproc
 118              		@ args = 0, pretend = 0, frame = 0
 119              		@ frame_needed = 0, uses_anonymous_args = 0
   9:Core/thread_sample/threadslice_sample.c ****     rt_uint32_t value;
 120              		.loc 1 9 1 is_stmt 0 view .LVU15
 121 0000 38B5     		push	{r3, r4, r5, lr}
 122              	.LCFI3:
 123              		.cfi_def_cfa_offset 16
 124              		.cfi_offset 3, -16
 125              		.cfi_offset 4, -12
 126              		.cfi_offset 5, -8
 127              		.cfi_offset 14, -4
 128 0002 0546     		mov	r5, r0
  10:Core/thread_sample/threadslice_sample.c ****     rt_uint32_t count = 0;
 129              		.loc 1 10 5 is_stmt 1 view .LVU16
  11:Core/thread_sample/threadslice_sample.c ****     value = (rt_uint32_t)parameter;
 130              		.loc 1 11 5 view .LVU17
 131              	.LVL6:
  12:Core/thread_sample/threadslice_sample.c **** 
 132              		.loc 1 12 5 view .LVU18
  11:Core/thread_sample/threadslice_sample.c ****     value = (rt_uint32_t)parameter;
 133              		.loc 1 11 17 is_stmt 0 view .LVU19
 134 0004 0024     		movs	r4, #0
 135 0006 00E0     		b	.L9
 136              	.LVL7:
 137              	.L8:
  24:Core/thread_sample/threadslice_sample.c ****     }
 138              		.loc 1 24 9 is_stmt 1 view .LVU20
  24:Core/thread_sample/threadslice_sample.c ****     }
 139              		.loc 1 24 14 is_stmt 0 view .LVU21
 140 0008 0134     		adds	r4, r4, #1
 141              	.LVL8:
  14:Core/thread_sample/threadslice_sample.c ****     {
 142              		.loc 1 14 11 is_stmt 1 view .LVU22
 143              	.L9:
  14:Core/thread_sample/threadslice_sample.c ****     {
 144              		.loc 1 14 5 view .LVU23
  16:Core/thread_sample/threadslice_sample.c ****         {
 145              		.loc 1 16 9 view .LVU24
  16:Core/thread_sample/threadslice_sample.c ****         {
 146              		.loc 1 16 25 is_stmt 0 view .LVU25
 147 000a 094B     		ldr	r3, .L12
 148 000c A3FB0423 		umull	r2, r3, r3, r4
 149 0010 23F00302 		bic	r2, r3, #3
 150 0014 02EB9303 		add	r3, r2, r3, lsr #2
  16:Core/thread_sample/threadslice_sample.c ****         {
 151              		.loc 1 16 12 view .LVU26
 152 0018 9C42     		cmp	r4, r3
 153 001a F5D1     		bne	.L8
  18:Core/thread_sample/threadslice_sample.c ****             if (count > 200)
 154              		.loc 1 18 13 is_stmt 1 view .LVU27
ARM GAS  C:\Users\GKQ\AppData\Local\Temp\cc6UMCw1.s 			page 5


 155 001c 2346     		mov	r3, r4
 156 001e 2A46     		mov	r2, r5
 157 0020 2946     		mov	r1, r5
 158 0022 0448     		ldr	r0, .L12+4
 159 0024 FFF7FEFF 		bl	rt_kprintf
 160              	.LVL9:
  19:Core/thread_sample/threadslice_sample.c ****             {
 161              		.loc 1 19 13 view .LVU28
  19:Core/thread_sample/threadslice_sample.c ****             {
 162              		.loc 1 19 16 is_stmt 0 view .LVU29
 163 0028 C82C     		cmp	r4, #200
 164 002a EDD9     		bls	.L8
  26:Core/thread_sample/threadslice_sample.c **** /*Á∫øÁ®ãÊó∂Èó¥ÁâáÁöÑÁ§∫‰æãÂáΩÊï∞ÔºåÁ§∫‰æãÂáΩÊï∞È¶ñÂÖàÂàõÂª∫Âπ∂ÂêØÂä®‰∫ÜÁ∫øÁ®ã thread1Ôºå
 165              		.loc 1 26 1 view .LVU30
 166 002c 38BD     		pop	{r3, r4, r5, pc}
 167              	.LVL10:
 168              	.L13:
  26:Core/thread_sample/threadslice_sample.c **** /*Á∫øÁ®ãÊó∂Èó¥ÁâáÁöÑÁ§∫‰æãÂáΩÊï∞ÔºåÁ§∫‰æãÂáΩÊï∞È¶ñÂÖàÂàõÂª∫Âπ∂ÂêØÂä®‰∫ÜÁ∫øÁ®ã thread1Ôºå
 169              		.loc 1 26 1 view .LVU31
 170 002e 00BF     		.align	2
 171              	.L12:
 172 0030 CDCCCCCC 		.word	-858993459
 173 0034 00000000 		.word	.LC2
 174              		.cfi_endproc
 175              	.LFE15:
 177              		.global	__fsym___cmd_timeslice_sample
 178              		.global	__fsym___cmd_timeslice_sample_name
 179              		.section	.rodata.__fsym___cmd_timeslice_sample_name,"a"
 180              		.align	2
 183              	__fsym___cmd_timeslice_sample_name:
 184 0000 5F5F636D 		.ascii	"__cmd_timeslice_sample\000"
 184      645F7469 
 184      6D65736C 
 184      6963655F 
 184      73616D70 
 185              		.section	FSymTab,"a"
 186              		.align	2
 189              	__fsym___cmd_timeslice_sample:
 190 0000 00000000 		.word	__fsym___cmd_timeslice_sample_name
 191 0004 00000000 		.word	timeslice_sample
 192              		.text
 193              	.Letext0:
 194              		.file 2 "Middlewares/Third_Party/RealThread_RTOS_RT-Thread/include/rtdef.h"
 195              		.file 3 "Middlewares/Third_Party/RealThread_RTOS_RT-Thread/components/finsh/finsh_api.h"
 196              		.file 4 "Middlewares/Third_Party/RealThread_RTOS_RT-Thread/include/rtthread.h"
ARM GAS  C:\Users\GKQ\AppData\Local\Temp\cc6UMCw1.s 			page 6


DEFINED SYMBOLS
                            *ABS*:00000000 threadslice_sample.c
C:\Users\GKQ\AppData\Local\Temp\cc6UMCw1.s:16     .rodata.timeslice_sample.str1.4:00000000 $d
C:\Users\GKQ\AppData\Local\Temp\cc6UMCw1.s:23     .text.timeslice_sample:00000000 $t
C:\Users\GKQ\AppData\Local\Temp\cc6UMCw1.s:31     .text.timeslice_sample:00000000 timeslice_sample
C:\Users\GKQ\AppData\Local\Temp\cc6UMCw1.s:96     .text.timeslice_sample:00000044 $d
C:\Users\GKQ\AppData\Local\Temp\cc6UMCw1.s:113    .text.thread_entry:00000000 thread_entry
C:\Users\GKQ\AppData\Local\Temp\cc6UMCw1.s:103    .rodata.thread_entry.str1.4:00000000 $d
C:\Users\GKQ\AppData\Local\Temp\cc6UMCw1.s:107    .text.thread_entry:00000000 $t
C:\Users\GKQ\AppData\Local\Temp\cc6UMCw1.s:172    .text.thread_entry:00000030 $d
C:\Users\GKQ\AppData\Local\Temp\cc6UMCw1.s:189    FSymTab:00000000 __fsym___cmd_timeslice_sample
C:\Users\GKQ\AppData\Local\Temp\cc6UMCw1.s:183    .rodata.__fsym___cmd_timeslice_sample_name:00000000 __fsym___cmd_timeslice_sample_name
C:\Users\GKQ\AppData\Local\Temp\cc6UMCw1.s:180    .rodata.__fsym___cmd_timeslice_sample_name:00000000 $d
C:\Users\GKQ\AppData\Local\Temp\cc6UMCw1.s:186    FSymTab:00000000 $d

UNDEFINED SYMBOLS
rt_thread_create
rt_thread_startup
rt_kprintf
